<testsuites>
  <testsuite name="ProjectTestRunner.dll" tests="1" skipped="0" failures="0" errors="0" time="7.3432721" timestamp="2022-07-31T19:37:11" hostname="AMIT-DELL16" id="0" package="ProjectTestRunner.dll">
    <properties />
    <testcase classname="ProjectTestRunner.Battery" name="Run(file: [&quot;Package&quot;, &quot;defaults.json&quot;])" time="7.3432721" />
    <system-out>Running tests for Package\defaults.json
Reset current directory to D:\projects\my-oss\LoremFooBar.TemplatePack\tests\ProjectTestRunner\bin\Debug\net6.0
Reading contents of D:\projects\my-oss\LoremFooBar.TemplatePack\tests\ProjectTestRunner\bin\Debug\net6.0\TestCases\Package\defaults.json
Finished reading contents of file
target path: C:\Users\amite\AppData\Local\Temp\_5569eaa9712d41bda8014f2e1414b993
Testing: Package - No Parameters
Executing step 1 (create)...
Creating target directory C:\Users\amite\AppData\Local\Temp\_5569eaa9712d41bda8014f2e1414b993
Directory created? True
Running proc: dotnet new lfb-package --name MyTestPackage -o "C:\Users\amite\AppData\Local\Temp\_5569eaa9712d41bda8014f2e1414b993"
The template "Complete NuGet Package Project" was created successfully.



    PASS (00:00:00.3773264)
 
Executing step 2 (Execute dotnet restore --locked-mode)...
Running proc: dotnet restore --locked-mode
  Determining projects to restore...
  Restored C:\Users\amite\AppData\Local\Temp\_5569eaa9712d41bda8014f2e1414b993\src\MyTestPackage\MyTestPackage.csproj (in 124 ms).
  Restored C:\Users\amite\AppData\Local\Temp\_5569eaa9712d41bda8014f2e1414b993\tests\MyTestPackage.Tests\MyTestPackage.Tests.csproj (in 196 ms).


    PASS (00:00:00.7761854)
 
Executing step 3 (Execute dotnet build --no-restore)...
Running proc: dotnet build --no-restore
Microsoft (R) Build Engine version 17.2.0+41abc5629 for .NET
Copyright (C) Microsoft Corporation. All rights reserved.

  MyTestPackage -&gt; C:\Users\amite\AppData\Local\Temp\_5569eaa9712d41bda8014f2e1414b993\src\MyTestPackage\bin\Debug\net6.0\MyTestPackage.dll
  MyTestPackage.Tests -&gt; C:\Users\amite\AppData\Local\Temp\_5569eaa9712d41bda8014f2e1414b993\tests\MyTestPackage.Tests\bin\Debug\net6.0\MyTestPackage.Tests.dll

Build succeeded.
    0 Warning(s)
    0 Error(s)

Time Elapsed 00:00:00.96


    PASS (00:00:01.1463431)
 
Executing step 4 (Execute dotnet test --no-build)...
Running proc: dotnet test --no-build
Test run for C:\Users\amite\AppData\Local\Temp\_5569eaa9712d41bda8014f2e1414b993\tests\MyTestPackage.Tests\bin\Debug\net6.0\MyTestPackage.Tests.dll (.NETCoreApp,Version=v6.0)
Microsoft (R) Test Execution Command Line Tool Version 17.2.0 (x64)
Copyright (c) Microsoft Corporation.  All rights reserved.

Starting test execution, please wait...
A total of 1 test files matched the specified pattern.

Passed!  - Failed:     0, Passed:     5, Skipped:     0, Total:     5, Duration: 80 ms - MyTestPackage.Tests.dll (net6.0)


    PASS (00:00:02.4659682)
 
Executing step 5 (File Inspection - inspecting file = "src/MyTestPackage/MyTestPackage.csproj")...
    PASS (00:00:00.0003766)
 
Executing step 6 (File Inspection - inspecting file = "tests/MyTestPackage.Tests/MyTestPackage.Tests.csproj")...
    PASS (00:00:00.0000442)
 
Executing step 7 (File Inspection - inspecting file = ".gitignore")...
    PASS (00:00:00.0000220)
 
Executing step 8 (File Inspection - inspecting file = "file.gitignore")...
    PASS (00:00:00.0000165)
 


Test Framework Informational Messages:
[xUnit.net 00:00:00.00] xUnit.net VSTest Adapter v2.4.5+1caef2f33e (64-bit .NET 6.0.6)
[xUnit.net 00:00:00.25]   Discovering: ProjectTestRunner
[xUnit.net 00:00:01.23]   Discovered:  ProjectTestRunner
[xUnit.net 00:00:01.23]   Starting:    ProjectTestRunner
[xUnit.net 00:00:08.62]   Finished:    ProjectTestRunner
</system-out>
    <system-err></system-err>
  </testsuite>
</testsuites>